{"/Users/learnacademy/Desktop/onClick/app/javascript/components/pages/AboutUs.js": {"path":"/Users/learnacademy/Desktop/onClick/app/javascript/components/pages/AboutUs.js","statementMap":{"0":{"start":{"line":8,"column":4},"end":{"line":102,"column":5}}},"fnMap":{"0":{"name":"(anonymous_0)","decl":{"start":{"line":7,"column":2},"end":{"line":7,"column":3}},"loc":{"start":{"line":7,"column":11},"end":{"line":103,"column":3}},"line":7}},"branchMap":{},"s":{"0":5},"f":{"0":5},"b":{},"_coverageSchema":"1a1c01bbd47fc00a2c39e90264f33305004495a9","hash":"75665cb6ed570bdd253cf91886bb5d52b7577047"}
,"/Users/learnacademy/Desktop/onClick/app/javascript/components/pages/MissionPage.js": {"path":"/Users/learnacademy/Desktop/onClick/app/javascript/components/pages/MissionPage.js","statementMap":{"0":{"start":{"line":7,"column":4},"end":{"line":14,"column":5}}},"fnMap":{"0":{"name":"(anonymous_0)","decl":{"start":{"line":6,"column":2},"end":{"line":6,"column":3}},"loc":{"start":{"line":6,"column":11},"end":{"line":15,"column":3}},"line":6}},"branchMap":{},"s":{"0":2},"f":{"0":2},"b":{},"_coverageSchema":"1a1c01bbd47fc00a2c39e90264f33305004495a9","hash":"30c4bb02a27ac21703eef5d84fa8cd6b37aebe87"}
}
